<?xml version="1.0" encoding="UTF-8"?>
<!-- Generated by org.testng.reporters.JUnitReportReporter -->
<testsuite hostname="LAPTOP-3NU2AQGO" failures="0" tests="1" name="Flipkart_Test.test1" time="5.312" errors="0" timestamp="2023-08-26T11:19:58 IST" skipped="0">
  <testcase classname="Flipkart_Test.test1" name="testLogin" time="5.312"/>
  <system-out/>
</testsuite> <!-- Flipkart_Test.test1 -->
